Using pre-set license
Built from '2021.3/staging' branch; Version is '2021.3.9f1 (ad3870b89536) revision 11352176'; Using compiler version '192829333'; Build Type 'Release'
OS: 'Windows 10  (10.0.19045) 64bit CoreN' Language: 'pt' Physical Memory: 16121 MB
BatchMode: 1, IsHumanControllingUs: 0, StartBugReporterOnCrash: 0, Is64bit: 1, IsPro: 1

COMMAND LINE ARGUMENTS:
C:\Program Files\Unity\Hub\Editor\2021.3.9f1\Editor\Unity.exe
-adb2
-batchMode
-noUpm
-name
AssetImportWorker2
-projectPath
C:/Programas/Projects/PlanetGameMechanic
-logFile
Logs/AssetImportWorker2.log
-srvPort
58028
Successfully changed project path to: C:/Programas/Projects/PlanetGameMechanic
C:/Programas/Projects/PlanetGameMechanic
[UnityMemory] Configuration Parameters - Can be set up in boot.config
    "memorysetup-bucket-allocator-granularity=16"
    "memorysetup-bucket-allocator-bucket-count=8"
    "memorysetup-bucket-allocator-block-size=33554432"
    "memorysetup-bucket-allocator-block-count=8"
    "memorysetup-main-allocator-block-size=16777216"
    "memorysetup-thread-allocator-block-size=16777216"
    "memorysetup-gfx-main-allocator-block-size=16777216"
    "memorysetup-gfx-thread-allocator-block-size=16777216"
    "memorysetup-cache-allocator-block-size=4194304"
    "memorysetup-typetree-allocator-block-size=2097152"
    "memorysetup-profiler-bucket-allocator-granularity=16"
    "memorysetup-profiler-bucket-allocator-bucket-count=8"
    "memorysetup-profiler-bucket-allocator-block-size=33554432"
    "memorysetup-profiler-bucket-allocator-block-count=8"
    "memorysetup-profiler-allocator-block-size=16777216"
    "memorysetup-profiler-editor-allocator-block-size=1048576"
    "memorysetup-temp-allocator-size-main=16777216"
    "memorysetup-job-temp-allocator-block-size=2097152"
    "memorysetup-job-temp-allocator-block-size-background=1048576"
    "memorysetup-job-temp-allocator-reduction-small-platforms=262144"
    "memorysetup-temp-allocator-size-background-worker=32768"
    "memorysetup-temp-allocator-size-job-worker=262144"
    "memorysetup-temp-allocator-size-preload-manager=33554432"
    "memorysetup-temp-allocator-size-nav-mesh-worker=65536"
    "memorysetup-temp-allocator-size-audio-worker=65536"
    "memorysetup-temp-allocator-size-cloud-worker=32768"
    "memorysetup-temp-allocator-size-gi-baking-worker=262144"
    "memorysetup-temp-allocator-size-gfx=262144"
Refreshing native plugins compatible for Editor in 24.71 ms, found 2 plugins.
Preloading 0 native plugins for Editor in 0.00 ms.
Initialize engine version: 2021.3.9f1 (ad3870b89536)
[Subsystems] Discovering subsystems at path C:/Program Files/Unity/Hub/Editor/2021.3.9f1/Editor/Data/Resources/UnitySubsystems
[Subsystems] Discovering subsystems at path C:/Programas/Projects/PlanetGameMechanic/Assets
GfxDevice: creating device client; threaded=0; jobified=0
Direct3D:
    Version:  Direct3D 11.0 [level 11.1]
    Renderer: NVIDIA GeForce RTX 3070 Ti (ID=0x2482)
    Vendor:   NVIDIA
    VRAM:     8031 MB
    Driver:   31.0.15.2849
Initialize mono
Mono path[0] = 'C:/Program Files/Unity/Hub/Editor/2021.3.9f1/Editor/Data/Managed'
Mono path[1] = 'C:/Program Files/Unity/Hub/Editor/2021.3.9f1/Editor/Data/MonoBleedingEdge/lib/mono/unityjit-win32'
Mono config path = 'C:/Program Files/Unity/Hub/Editor/2021.3.9f1/Editor/Data/MonoBleedingEdge/etc'
Using monoOptions --debugger-agent=transport=dt_socket,embedding=1,server=y,suspend=n,address=127.0.0.1:56572
Begin MonoManager ReloadAssembly
Registering precompiled unity dll's ...
Register platform support module: C:/Program Files/Unity/Hub/Editor/2021.3.9f1/Editor/Data/PlaybackEngines/WindowsStandaloneSupport/UnityEditor.WindowsStandalone.Extensions.dll
Registered in 0.007470 seconds.
Native extension for WindowsStandalone target not found
Refreshing native plugins compatible for Editor in 22.15 ms, found 2 plugins.
Preloading 0 native plugins for Editor in 0.00 ms.
Mono: successfully reloaded assembly
- Completed reload, in  0.416 seconds
Domain Reload Profiling:
	ReloadAssembly (416ms)
		BeginReloadAssembly (62ms)
			ExecutionOrderSort (0ms)
			DisableScriptedObjects (0ms)
			BackupInstance (0ms)
			ReleaseScriptingObjects (0ms)
			CreateAndSetChildDomain (1ms)
		EndReloadAssembly (271ms)
			LoadAssemblies (58ms)
			RebuildTransferFunctionScriptingTraits (0ms)
			SetupTypeCache (67ms)
			ReleaseScriptCaches (0ms)
			RebuildScriptCaches (17ms)
			SetupLoadedEditorAssemblies (152ms)
				LogAssemblyErrors (0ms)
				InitializePlatformSupportModulesInManaged (6ms)
				SetLoadedEditorAssemblies (0ms)
				RefreshPlugins (22ms)
				BeforeProcessingInitializeOnLoad (1ms)
				ProcessInitializeOnLoadAttributes (87ms)
				ProcessInitializeOnLoadMethodAttributes (35ms)
				AfterProcessingInitializeOnLoad (0ms)
				EditorAssembliesLoaded (0ms)
			ExecutionOrderSort2 (0ms)
			AwakeInstancesAfterBackupRestoration (0ms)
Platform modules already initialized, skipping
Registering precompiled user dll's ...
Registered in 0.004732 seconds.
Begin MonoManager ReloadAssembly
Native extension for WindowsStandalone target not found
Refreshing native plugins compatible for Editor in 21.01 ms, found 2 plugins.
Preloading 0 native plugins for Editor in 0.00 ms.
Mono: successfully reloaded assembly
- Completed reload, in  0.673 seconds
Domain Reload Profiling:
	ReloadAssembly (674ms)
		BeginReloadAssembly (84ms)
			ExecutionOrderSort (0ms)
			DisableScriptedObjects (4ms)
			BackupInstance (0ms)
			ReleaseScriptingObjects (0ms)
			CreateAndSetChildDomain (17ms)
		EndReloadAssembly (515ms)
			LoadAssemblies (58ms)
			RebuildTransferFunctionScriptingTraits (0ms)
			SetupTypeCache (120ms)
			ReleaseScriptCaches (0ms)
			RebuildScriptCaches (30ms)
			SetupLoadedEditorAssemblies (283ms)
				LogAssemblyErrors (0ms)
				InitializePlatformSupportModulesInManaged (5ms)
				SetLoadedEditorAssemblies (0ms)
				RefreshPlugins (21ms)
				BeforeProcessingInitializeOnLoad (43ms)
				ProcessInitializeOnLoadAttributes (187ms)
				ProcessInitializeOnLoadMethodAttributes (18ms)
				AfterProcessingInitializeOnLoad (8ms)
				EditorAssembliesLoaded (0ms)
			ExecutionOrderSort2 (0ms)
			AwakeInstancesAfterBackupRestoration (5ms)
Platform modules already initialized, skipping
========================================================================
Worker process is ready to serve import requests
Launched and connected shader compiler UnityShaderCompiler.exe after 0.05 seconds
Refreshing native plugins compatible for Editor in 0.95 ms, found 2 plugins.
Preloading 0 native plugins for Editor in 0.00 ms.
Unloading 2050 Unused Serialized files (Serialized files now loaded: 0)
Unloading 22 unused Assets / (55.5 KB). Loaded Objects now: 2518.
Memory consumption went from 86.6 MB to 86.5 MB.
Total: 3.251200 ms (FindLiveObjects: 0.369700 ms CreateObjectMapping: 0.051300 ms MarkObjects: 2.746300 ms  DeleteObjects: 0.082800 ms)

AssetImportParameters requested are different than current active one (requested -> active):
  custom:video-decoder-ogg-theora: a1e56fd34408186e4bbccfd4996cb3dc -> 
  custom:container-muxer-webm: aa71ff27fc2769a1b78a27578f13a17b -> 
  custom:container-demuxer-webm: 4f35f7cbe854078d1ac9338744f61a02 -> 
  custom:video-encoder-webm-vp8: eb34c28f22e8b96e1ab97ce403110664 -> 
  custom:audio-encoder-webm-vorbis: bf7c407c2cedff20999df2af8eb42d56 -> 
  custom:framework-win-MediaFoundation: 216162199b28c13a410421893ffa2e32 -> 
  custom:container-demuxer-ogg: 62fdf1f143b41e24485cea50d1cbac27 -> 
  custom:video-decoder-webm-vp8: 9c59270c3fd7afecdb556c50c9e8de78 -> 
  custom:audio-decoder-ogg-vorbis: bf7c407c2cedff20999df2af8eb42d56 -> 
========================================================================
Received Import Request.
  Time since last request: 681725.995730 seconds.
  path: Assets/PlanetTest.mat
  artifactKey: Guid(b3ad65dd521a75e4eb0b95602dfbae92) Importer(815301076,1909f56bfc062723c751e8b465ee728b)
Start importing Assets/PlanetTest.mat using Guid(b3ad65dd521a75e4eb0b95602dfbae92) Importer(815301076,1909f56bfc062723c751e8b465ee728b)  -> (artifact id: 'f646dfd9051634403c36e3b2c5c2a22a') in 0.216707 seconds 
========================================================================
Received Import Request.
  Time since last request: 219.961145 seconds.
  path: Assets/Shaders/OceanSurface.shader
  artifactKey: Guid(5d53e49df05a8ed449b4f779adf505bb) Importer(815301076,1909f56bfc062723c751e8b465ee728b)
Start importing Assets/Shaders/OceanSurface.shader using Guid(5d53e49df05a8ed449b4f779adf505bb) Importer(815301076,1909f56bfc062723c751e8b465ee728b)  -> (artifact id: 'd9410008c0e385c27cc9515f38a9f229') in 0.004360 seconds 
========================================================================
Received Import Request.
  Time since last request: 134.050697 seconds.
  path: Assets/Shaders/test.shader
  artifactKey: Guid(9ce4dc35d012f134785c645623125e1f) Importer(815301076,1909f56bfc062723c751e8b465ee728b)
Start importing Assets/Shaders/test.shader using Guid(9ce4dc35d012f134785c645623125e1f) Importer(815301076,1909f56bfc062723c751e8b465ee728b)  -> (artifact id: 'a631c553cc7a7e765b2baea537a02443') in 0.003364 seconds 
========================================================================
Received Import Request.
  Time since last request: 29.535865 seconds.
  path: Assets/Scripts
  artifactKey: Guid(2df37328ee7964840b15b074ec88063e) Importer(815301076,1909f56bfc062723c751e8b465ee728b)
Start importing Assets/Scripts using Guid(2df37328ee7964840b15b074ec88063e) Importer(815301076,1909f56bfc062723c751e8b465ee728b)  -> (artifact id: '2e8d5700036e5d5f24ab03a207c1ff26') in 0.003492 seconds 
========================================================================
Received Import Request.
  Time since last request: 1.809376 seconds.
  path: Assets/Scripts/Selectables
  artifactKey: Guid(38386b4df9946a848b26c0f7cd3c45d9) Importer(815301076,1909f56bfc062723c751e8b465ee728b)
Start importing Assets/Scripts/Selectables using Guid(38386b4df9946a848b26c0f7cd3c45d9) Importer(815301076,1909f56bfc062723c751e8b465ee728b)  -> (artifact id: '2294d1ada56eb0e957a22fee3b232fee') in 0.003358 seconds 
========================================================================
Received Import Request.
  Time since last request: 2.013261 seconds.
  path: Assets/Scripts/Planets
  artifactKey: Guid(40308afe41380bb4cb2f25f8a95596c1) Importer(815301076,1909f56bfc062723c751e8b465ee728b)
Start importing Assets/Scripts/Planets using Guid(40308afe41380bb4cb2f25f8a95596c1) Importer(815301076,1909f56bfc062723c751e8b465ee728b)  -> (artifact id: 'e751fc1f7ef4989b22c14cb6afa60cc6') in 0.003215 seconds 
========================================================================
Received Import Request.
  Time since last request: 0.946017 seconds.
  path: Assets/Scripts/Controls
  artifactKey: Guid(182a9fb48a3ba354d893c7b1299603f0) Importer(815301076,1909f56bfc062723c751e8b465ee728b)
Start importing Assets/Scripts/Controls using Guid(182a9fb48a3ba354d893c7b1299603f0) Importer(815301076,1909f56bfc062723c751e8b465ee728b)  -> (artifact id: 'a185232b7f6be65e1c80e5f16c4eef10') in 0.003779 seconds 
========================================================================
Received Import Request.
  Time since last request: 1.377193 seconds.
  path: Assets/Scripts/_Generic
  artifactKey: Guid(c563a7f700afdc34e89ce78140ff9a64) Importer(815301076,1909f56bfc062723c751e8b465ee728b)
Start importing Assets/Scripts/_Generic using Guid(c563a7f700afdc34e89ce78140ff9a64) Importer(815301076,1909f56bfc062723c751e8b465ee728b)  -> (artifact id: '57468ba44c4b1affde6b2e03d546b325') in 0.003183 seconds 
========================================================================
Received Import Request.
  Time since last request: 5.385618 seconds.
  path: Assets/Scripts/_Generic/Editor
  artifactKey: Guid(dd893e55c8b25d24f8df284a1bd50641) Importer(815301076,1909f56bfc062723c751e8b465ee728b)
Start importing Assets/Scripts/_Generic/Editor using Guid(dd893e55c8b25d24f8df284a1bd50641) Importer(815301076,1909f56bfc062723c751e8b465ee728b)  -> (artifact id: 'fdc15ebf8f217c9bcaeb2b27e4a91ad6') in 0.003270 seconds 
========================================================================
Received Import Request.
  Time since last request: 0.182147 seconds.
  path: Assets/Scripts/_Generic/ConditionalHideAttribute.cs
  artifactKey: Guid(88f57106c66f3954da4df43f0941e4ab) Importer(815301076,1909f56bfc062723c751e8b465ee728b)
Start importing Assets/Scripts/_Generic/ConditionalHideAttribute.cs using Guid(88f57106c66f3954da4df43f0941e4ab) Importer(815301076,1909f56bfc062723c751e8b465ee728b)  -> (artifact id: 'd75f7aefa7083ef3c6e6a007e8118198') in 0.010558 seconds 
========================================================================
Received Import Request.
  Time since last request: 0.176033 seconds.
  path: Assets/Scripts/_Generic/SingletonBehaviour.cs
  artifactKey: Guid(5f274b8281eaa934ba6393a6dd8474cf) Importer(815301076,1909f56bfc062723c751e8b465ee728b)
Start importing Assets/Scripts/_Generic/SingletonBehaviour.cs using Guid(5f274b8281eaa934ba6393a6dd8474cf) Importer(815301076,1909f56bfc062723c751e8b465ee728b)  -> (artifact id: '44f1ad9b332f5a0c9d8735a4308ed94a') in 0.003134 seconds 
========================================================================
Received Import Request.
  Time since last request: 0.306225 seconds.
  path: Assets/Scripts/_Generic/SphericalVector.cs
  artifactKey: Guid(c97adb90d09415c47b47d30595e06711) Importer(815301076,1909f56bfc062723c751e8b465ee728b)
Start importing Assets/Scripts/_Generic/SphericalVector.cs using Guid(c97adb90d09415c47b47d30595e06711) Importer(815301076,1909f56bfc062723c751e8b465ee728b)  -> (artifact id: 'eef94180c7584e334481e878e44c8009') in 0.003388 seconds 
========================================================================
Received Import Request.
  Time since last request: 3.424567 seconds.
  path: Assets/Scripts/Planets/Base
  artifactKey: Guid(db0f2e3131c95eb4ca5c0180aa64cd9e) Importer(815301076,1909f56bfc062723c751e8b465ee728b)
Start importing Assets/Scripts/Planets/Base using Guid(db0f2e3131c95eb4ca5c0180aa64cd9e) Importer(815301076,1909f56bfc062723c751e8b465ee728b)  -> (artifact id: '357fac0b6250900675c22687aa828041') in 0.003306 seconds 
========================================================================
Received Import Request.
  Time since last request: 0.339294 seconds.
  path: Assets/Scripts/Planets/Base/Map.cs
  artifactKey: Guid(895d2c60044e9a3448af84ad6f0e61fd) Importer(815301076,1909f56bfc062723c751e8b465ee728b)
Start importing Assets/Scripts/Planets/Base/Map.cs using Guid(895d2c60044e9a3448af84ad6f0e61fd) Importer(815301076,1909f56bfc062723c751e8b465ee728b)  -> (artifact id: 'fb2cf3d8777ebb178e38425d866dfd97') in 0.003046 seconds 
========================================================================
Received Import Request.
  Time since last request: 0.698441 seconds.
  path: Assets/Scripts/Planets/Base/MapData.cs
  artifactKey: Guid(e5a2f53802d278744a1bae91261a89f8) Importer(815301076,1909f56bfc062723c751e8b465ee728b)
Start importing Assets/Scripts/Planets/Base/MapData.cs using Guid(e5a2f53802d278744a1bae91261a89f8) Importer(815301076,1909f56bfc062723c751e8b465ee728b)  -> (artifact id: '273052b4a6c9c49cda5379d737e5ab3e') in 0.003483 seconds 
